

================================================================
== Vivado HLS Report for 'dma_master_driver'
================================================================
* Date:           Wed Mar 29 23:24:13 2023

* Version:        2018.3 (Build 2405991 on Thu Dec 06 23:56:15 MST 2018)
* Project:        hls_proj
* Solution:       solution1
* Product family: artix7
* Target device:  xc7a200tsbg484-1


================================================================
== Performance Estimates
================================================================
+ Timing (ns): 
    * Summary: 
    +--------+-------+----------+------------+
    |  Clock | Target| Estimated| Uncertainty|
    +--------+-------+----------+------------+
    |ap_clk  |  10.00|     8.750|        1.25|
    +--------+-------+----------+------------+

+ Latency (clock cycles): 
    * Summary: 
    +-----+-----+-----+-----+---------+
    |  Latency  |  Interval | Pipeline|
    | min | max | min | max |   Type  |
    +-----+-----+-----+-----+---------+
    |    ?|    ?|    ?|    ?|   none  |
    +-----+-----+-----+-----+---------+

    + Detail: 
        * Instance: 
        +----------------------------+------------------+-----+-----+-----+-----+---------+
        |                            |                  |  Latency  |  Interval | Pipeline|
        |          Instance          |      Module      | min | max | min | max |   Type  |
        +----------------------------+------------------+-----+-----+-----+-----+---------+
        |grp_transfer_chunk_1_fu_87  |transfer_chunk_1  |    ?|    ?|    ?|    ?|   none  |
        |grp_transfer_chunk_fu_95    |transfer_chunk    |    ?|    ?|    ?|    ?|   none  |
        +----------------------------+------------------+-----+-----+-----+-----+---------+

        * Loop: 
        +-------------+-----+-----+----------+-----------+-----------+------+----------+
        |             |  Latency  | Iteration|  Initiation Interval  | Trip |          |
        |  Loop Name  | min | max |  Latency |  achieved |   target  | Count| Pipelined|
        +-------------+-----+-----+----------+-----------+-----------+------+----------+
        |- Loop 1     |    ?|    ?|         ?|          -|          -|  inf |    no    |
        | + Loop 1.1  |    ?|    ?|         ?|          -|          -|   900|    no    |
        +-------------+-----+-----+----------+-----------+-----------+------+----------+

============================================================
+ Verbose Summary: Synthesis Manager
============================================================
InlineROM: 1
ExposeGlobal: 0
============================================================
+ Verbose Summary: CDFG Model
============================================================
IsTopModel: 1
ResetActiveHigh: 1
IsCombinational: 0
IsDatapathOnly: 0
HasWiredReturn: 0
HasMFsm: 0
HasVarLatency: 1
IsPipeline: 0
IsRtlPipelined: 0
IsInstanceOverlapped: 0
IsDontTouch: 0
HasImplIP: 0
IsGatedGlobalClock: 0


============================================================
+ Verbose Summary: Schedule
============================================================
* Number of FSM states : 27
* Pipeline : 0
* Dataflow Pipeline: 0

* FSM state transitions: 
1 --> 
	2  / true
2 --> 
	3  / true
3 --> 
	4  / (!exitcond)
	2  / (exitcond)
4 --> 
	5  / true
5 --> 
	6  / true
6 --> 
	7  / true
7 --> 
	8  / true
8 --> 
	9  / true
9 --> 
	10  / true
10 --> 
	11  / true
11 --> 
	12  / true
12 --> 
	13  / true
13 --> 
	14  / true
14 --> 
	15  / true
15 --> 
	16  / true
16 --> 
	17  / true
17 --> 
	18  / true
18 --> 
	19  / true
19 --> 
	20  / true
20 --> 
	21  / true
21 --> 
	22  / true
22 --> 
	23  / true
23 --> 
	24  / true
24 --> 
	25  / true
25 --> 
	26  / true
26 --> 
	27  / true
27 --> 
	3  / true

* FSM state operations: 

State 1 <SV = 0> <Delay = 0.00>
ST_1 : Operation 28 [1/1] (0.00ns)   --->   "call void (...)* @_ssdm_op_SpecBitsMap(i32* %dma0), !map !24"   --->   Operation 28 'specbitsmap' <Predicate = true> <Delay = 0.00>
ST_1 : Operation 29 [1/1] (0.00ns)   --->   "call void (...)* @_ssdm_op_SpecBitsMap(i32* %dma1), !map !30"   --->   Operation 29 'specbitsmap' <Predicate = true> <Delay = 0.00>
ST_1 : Operation 30 [1/1] (0.00ns)   --->   "call void (...)* @_ssdm_op_SpecBitsMap(i1 %frame_trigger_V), !map !34"   --->   Operation 30 'specbitsmap' <Predicate = true> <Delay = 0.00>
ST_1 : Operation 31 [1/1] (0.00ns)   --->   "call void (...)* @_ssdm_op_SpecTopModule([18 x i8]* @dma_master_driver_st) nounwind"   --->   Operation 31 'spectopmodule' <Predicate = true> <Delay = 0.00>
ST_1 : Operation 32 [1/1] (0.00ns)   --->   "%frame_trigger_V_read = call i1 @_ssdm_op_Read.ap_none.i1(i1 %frame_trigger_V)" [../dma_driver_hls/dma_master_driver_hls.cpp:59]   --->   Operation 32 'read' 'frame_trigger_V_read' <Predicate = true> <Delay = 0.00>
ST_1 : Operation 33 [1/1] (0.00ns)   --->   "call void (...)* @_ssdm_op_SpecInterface(i32 0, [13 x i8]* @p_str, i32 0, i32 0, [1 x i8]* @p_str1, i32 0, i32 0, [1 x i8]* @p_str1, [1 x i8]* @p_str1, [1 x i8]* @p_str1, i32 0, i32 0, i32 0, i32 0, [1 x i8]* @p_str1, [1 x i8]* @p_str1) nounwind" [../dma_driver_hls/dma_master_driver_hls.cpp:60]   --->   Operation 33 'specinterface' <Predicate = true> <Delay = 0.00>
ST_1 : Operation 34 [1/1] (0.00ns)   --->   "call void (...)* @_ssdm_op_SpecInterface(i32* %dma0, [6 x i8]* @p_str2, i32 0, i32 0, [1 x i8]* @p_str1, i32 0, i32 1, [1 x i8]* @p_str1, [4 x i8]* @p_str3, [1 x i8]* @p_str1, i32 16, i32 16, i32 16, i32 16, [1 x i8]* @p_str1, [1 x i8]* @p_str1) nounwind" [../dma_driver_hls/dma_master_driver_hls.cpp:62]   --->   Operation 34 'specinterface' <Predicate = true> <Delay = 0.00>
ST_1 : Operation 35 [1/1] (0.00ns)   --->   "call void (...)* @_ssdm_op_SpecInterface(i32* %dma1, [6 x i8]* @p_str2, i32 0, i32 0, [1 x i8]* @p_str1, i32 0, i32 1, [1 x i8]* @p_str1, [4 x i8]* @p_str3, [1 x i8]* @p_str1, i32 16, i32 16, i32 16, i32 16, [1 x i8]* @p_str1, [1 x i8]* @p_str1) nounwind" [../dma_driver_hls/dma_master_driver_hls.cpp:63]   --->   Operation 35 'specinterface' <Predicate = true> <Delay = 0.00>
ST_1 : Operation 36 [1/1] (0.00ns)   --->   "call void (...)* @_ssdm_op_SpecInterface(i1 %frame_trigger_V, [8 x i8]* @p_str4, i32 0, i32 0, [1 x i8]* @p_str1, i32 0, i32 0, [1 x i8]* @p_str1, [1 x i8]* @p_str1, [1 x i8]* @p_str1, i32 0, i32 0, i32 0, i32 0, [1 x i8]* @p_str1, [1 x i8]* @p_str1) nounwind" [../dma_driver_hls/dma_master_driver_hls.cpp:64]   --->   Operation 36 'specinterface' <Predicate = true> <Delay = 0.00>
ST_1 : Operation 37 [1/1] (0.00ns)   --->   "br label %.loopexit" [../dma_driver_hls/dma_master_driver_hls.cpp:67]   --->   Operation 37 'br' <Predicate = true> <Delay = 0.00>

State 2 <SV = 1> <Delay = 1.66>
ST_2 : Operation 38 [1/1] (0.00ns)   --->   "%loop_begin = call i32 (...)* @_ssdm_op_SpecLoopBegin() nounwind"   --->   Operation 38 'specloopbegin' 'loop_begin' <Predicate = true> <Delay = 0.00>
ST_2 : Operation 39 [1/1] (0.00ns)   --->   "call void (...)* @_ssdm_op_Wait(i32 1) nounwind" [../dma_driver_hls/dma_master_driver_hls.cpp:68]   --->   Operation 39 'wait' <Predicate = true> <Delay = 0.00>
ST_2 : Operation 40 [1/1] (0.00ns)   --->   "call void (...)* @_ssdm_op_Poll(i1 %frame_trigger_V_read)" [../dma_driver_hls/dma_master_driver_hls.cpp:68]   --->   Operation 40 'poll' <Predicate = true> <Delay = 0.00>
ST_2 : Operation 41 [1/1] (1.66ns)   --->   "br label %1" [../dma_driver_hls/dma_master_driver_hls.cpp:70]   --->   Operation 41 'br' <Predicate = true> <Delay = 1.66>

State 3 <SV = 2> <Delay = 7.18>
ST_3 : Operation 42 [1/1] (0.00ns)   --->   "%chunk_ctr = phi i10 [ 0, %.loopexit ], [ %chunk_ctr_1, %2 ]"   --->   Operation 42 'phi' 'chunk_ctr' <Predicate = true> <Delay = 0.00>
ST_3 : Operation 43 [1/1] (1.70ns)   --->   "%exitcond = icmp eq i10 %chunk_ctr, -124" [../dma_driver_hls/dma_master_driver_hls.cpp:70]   --->   Operation 43 'icmp' 'exitcond' <Predicate = true> <Delay = 1.70> <Core = "Cmp">   --->   Core 25 'Cmp' <Latency = 0> <II = 1> <Delay = 1.70> <FuncUnit> <Opcode : 'icmp'> <InPorts = 2> <OutPorts = 1>
ST_3 : Operation 44 [1/1] (0.00ns)   --->   "%empty = call i32 (...)* @_ssdm_op_SpecLoopTripCount(i64 900, i64 900, i64 900)"   --->   Operation 44 'speclooptripcount' 'empty' <Predicate = true> <Delay = 0.00>
ST_3 : Operation 45 [1/1] (2.12ns)   --->   "%chunk_ctr_1 = add i10 %chunk_ctr, 1" [../dma_driver_hls/dma_master_driver_hls.cpp:70]   --->   Operation 45 'add' 'chunk_ctr_1' <Predicate = true> <Delay = 2.12> <Core = "AddSub">   --->   Core 14 'AddSub' <Latency = 0> <II = 1> <Delay = 2.12> <FuncUnit> <Opcode : 'add' 'sub'> <InPorts = 2> <OutPorts = 1>
ST_3 : Operation 46 [1/1] (0.00ns)   --->   "br i1 %exitcond, label %.loopexit.loopexit, label %2" [../dma_driver_hls/dma_master_driver_hls.cpp:70]   --->   Operation 46 'br' <Predicate = true> <Delay = 0.00>
ST_3 : Operation 47 [1/1] (0.00ns)   --->   "%tmp = call i18 @_ssdm_op_BitConcatenate.i18.i10.i8(i10 %chunk_ctr, i8 0)" [../dma_driver_hls/dma_master_driver_hls.cpp:71]   --->   Operation 47 'bitconcatenate' 'tmp' <Predicate = (!exitcond)> <Delay = 0.00>
ST_3 : Operation 48 [1/1] (0.00ns)   --->   "%zext_cast = zext i18 %tmp to i38" [../dma_driver_hls/dma_master_driver_hls.cpp:71]   --->   Operation 48 'zext' 'zext_cast' <Predicate = (!exitcond)> <Delay = 0.00>
ST_3 : Operation 49 [1/1] (7.18ns) (root node of the DSP)   --->   "%mul = mul i38 419431, %zext_cast" [../dma_driver_hls/dma_master_driver_hls.cpp:71]   --->   Operation 49 'mul' 'mul' <Predicate = (!exitcond)> <Delay = 7.18> <Core = "DSP48">   --->   Core 65 'DSP48' <Latency = 0> <II = 1> <Delay = 7.18> <IPBlock> <Opcode : 'mul' 'add' 'sub' 'select'> <InPorts = 0> <OutPorts = 1> <Sync> <CReg>
ST_3 : Operation 50 [1/1] (0.00ns)   --->   "%tmp_1 = call i8 @_ssdm_op_PartSelect.i8.i38.i32.i32(i38 %mul, i32 29, i32 36)" [../dma_driver_hls/dma_master_driver_hls.cpp:71]   --->   Operation 50 'partselect' 'tmp_1' <Predicate = (!exitcond)> <Delay = 0.00>
ST_3 : Operation 51 [22/22] (3.72ns)   --->   "%input_col = urem i18 %tmp, 1280" [../dma_driver_hls/dma_master_driver_hls.cpp:72]   --->   Operation 51 'urem' 'input_col' <Predicate = (!exitcond)> <Delay = 3.72> <Core = "DivnS_SEQ">   --->   Core 24 'DivnS_SEQ' <Latency = 21> <II = 11> <Delay = 3.72> <FuncUnit> <Opcode : 'sdiv' 'srem' 'udiv' 'urem'> <InPorts = 2> <OutPorts = 1>
ST_3 : Operation 52 [1/1] (0.00ns)   --->   "br label %.loopexit"   --->   Operation 52 'br' <Predicate = (exitcond)> <Delay = 0.00>

State 4 <SV = 3> <Delay = 3.72>
ST_4 : Operation 53 [21/22] (3.72ns)   --->   "%input_col = urem i18 %tmp, 1280" [../dma_driver_hls/dma_master_driver_hls.cpp:72]   --->   Operation 53 'urem' 'input_col' <Predicate = true> <Delay = 3.72> <Core = "DivnS_SEQ">   --->   Core 24 'DivnS_SEQ' <Latency = 21> <II = 11> <Delay = 3.72> <FuncUnit> <Opcode : 'sdiv' 'srem' 'udiv' 'urem'> <InPorts = 2> <OutPorts = 1>

State 5 <SV = 4> <Delay = 3.72>
ST_5 : Operation 54 [20/22] (3.72ns)   --->   "%input_col = urem i18 %tmp, 1280" [../dma_driver_hls/dma_master_driver_hls.cpp:72]   --->   Operation 54 'urem' 'input_col' <Predicate = true> <Delay = 3.72> <Core = "DivnS_SEQ">   --->   Core 24 'DivnS_SEQ' <Latency = 21> <II = 11> <Delay = 3.72> <FuncUnit> <Opcode : 'sdiv' 'srem' 'udiv' 'urem'> <InPorts = 2> <OutPorts = 1>

State 6 <SV = 5> <Delay = 3.72>
ST_6 : Operation 55 [19/22] (3.72ns)   --->   "%input_col = urem i18 %tmp, 1280" [../dma_driver_hls/dma_master_driver_hls.cpp:72]   --->   Operation 55 'urem' 'input_col' <Predicate = true> <Delay = 3.72> <Core = "DivnS_SEQ">   --->   Core 24 'DivnS_SEQ' <Latency = 21> <II = 11> <Delay = 3.72> <FuncUnit> <Opcode : 'sdiv' 'srem' 'udiv' 'urem'> <InPorts = 2> <OutPorts = 1>

State 7 <SV = 6> <Delay = 3.72>
ST_7 : Operation 56 [18/22] (3.72ns)   --->   "%input_col = urem i18 %tmp, 1280" [../dma_driver_hls/dma_master_driver_hls.cpp:72]   --->   Operation 56 'urem' 'input_col' <Predicate = true> <Delay = 3.72> <Core = "DivnS_SEQ">   --->   Core 24 'DivnS_SEQ' <Latency = 21> <II = 11> <Delay = 3.72> <FuncUnit> <Opcode : 'sdiv' 'srem' 'udiv' 'urem'> <InPorts = 2> <OutPorts = 1>

State 8 <SV = 7> <Delay = 3.72>
ST_8 : Operation 57 [17/22] (3.72ns)   --->   "%input_col = urem i18 %tmp, 1280" [../dma_driver_hls/dma_master_driver_hls.cpp:72]   --->   Operation 57 'urem' 'input_col' <Predicate = true> <Delay = 3.72> <Core = "DivnS_SEQ">   --->   Core 24 'DivnS_SEQ' <Latency = 21> <II = 11> <Delay = 3.72> <FuncUnit> <Opcode : 'sdiv' 'srem' 'udiv' 'urem'> <InPorts = 2> <OutPorts = 1>

State 9 <SV = 8> <Delay = 3.72>
ST_9 : Operation 58 [16/22] (3.72ns)   --->   "%input_col = urem i18 %tmp, 1280" [../dma_driver_hls/dma_master_driver_hls.cpp:72]   --->   Operation 58 'urem' 'input_col' <Predicate = true> <Delay = 3.72> <Core = "DivnS_SEQ">   --->   Core 24 'DivnS_SEQ' <Latency = 21> <II = 11> <Delay = 3.72> <FuncUnit> <Opcode : 'sdiv' 'srem' 'udiv' 'urem'> <InPorts = 2> <OutPorts = 1>

State 10 <SV = 9> <Delay = 3.72>
ST_10 : Operation 59 [15/22] (3.72ns)   --->   "%input_col = urem i18 %tmp, 1280" [../dma_driver_hls/dma_master_driver_hls.cpp:72]   --->   Operation 59 'urem' 'input_col' <Predicate = true> <Delay = 3.72> <Core = "DivnS_SEQ">   --->   Core 24 'DivnS_SEQ' <Latency = 21> <II = 11> <Delay = 3.72> <FuncUnit> <Opcode : 'sdiv' 'srem' 'udiv' 'urem'> <InPorts = 2> <OutPorts = 1>

State 11 <SV = 10> <Delay = 3.72>
ST_11 : Operation 60 [14/22] (3.72ns)   --->   "%input_col = urem i18 %tmp, 1280" [../dma_driver_hls/dma_master_driver_hls.cpp:72]   --->   Operation 60 'urem' 'input_col' <Predicate = true> <Delay = 3.72> <Core = "DivnS_SEQ">   --->   Core 24 'DivnS_SEQ' <Latency = 21> <II = 11> <Delay = 3.72> <FuncUnit> <Opcode : 'sdiv' 'srem' 'udiv' 'urem'> <InPorts = 2> <OutPorts = 1>

State 12 <SV = 11> <Delay = 3.72>
ST_12 : Operation 61 [13/22] (3.72ns)   --->   "%input_col = urem i18 %tmp, 1280" [../dma_driver_hls/dma_master_driver_hls.cpp:72]   --->   Operation 61 'urem' 'input_col' <Predicate = true> <Delay = 3.72> <Core = "DivnS_SEQ">   --->   Core 24 'DivnS_SEQ' <Latency = 21> <II = 11> <Delay = 3.72> <FuncUnit> <Opcode : 'sdiv' 'srem' 'udiv' 'urem'> <InPorts = 2> <OutPorts = 1>

State 13 <SV = 12> <Delay = 3.72>
ST_13 : Operation 62 [12/22] (3.72ns)   --->   "%input_col = urem i18 %tmp, 1280" [../dma_driver_hls/dma_master_driver_hls.cpp:72]   --->   Operation 62 'urem' 'input_col' <Predicate = true> <Delay = 3.72> <Core = "DivnS_SEQ">   --->   Core 24 'DivnS_SEQ' <Latency = 21> <II = 11> <Delay = 3.72> <FuncUnit> <Opcode : 'sdiv' 'srem' 'udiv' 'urem'> <InPorts = 2> <OutPorts = 1>

State 14 <SV = 13> <Delay = 3.72>
ST_14 : Operation 63 [11/22] (3.72ns)   --->   "%input_col = urem i18 %tmp, 1280" [../dma_driver_hls/dma_master_driver_hls.cpp:72]   --->   Operation 63 'urem' 'input_col' <Predicate = true> <Delay = 3.72> <Core = "DivnS_SEQ">   --->   Core 24 'DivnS_SEQ' <Latency = 21> <II = 11> <Delay = 3.72> <FuncUnit> <Opcode : 'sdiv' 'srem' 'udiv' 'urem'> <InPorts = 2> <OutPorts = 1>

State 15 <SV = 14> <Delay = 3.72>
ST_15 : Operation 64 [10/22] (3.72ns)   --->   "%input_col = urem i18 %tmp, 1280" [../dma_driver_hls/dma_master_driver_hls.cpp:72]   --->   Operation 64 'urem' 'input_col' <Predicate = true> <Delay = 3.72> <Core = "DivnS_SEQ">   --->   Core 24 'DivnS_SEQ' <Latency = 21> <II = 11> <Delay = 3.72> <FuncUnit> <Opcode : 'sdiv' 'srem' 'udiv' 'urem'> <InPorts = 2> <OutPorts = 1>

State 16 <SV = 15> <Delay = 3.72>
ST_16 : Operation 65 [9/22] (3.72ns)   --->   "%input_col = urem i18 %tmp, 1280" [../dma_driver_hls/dma_master_driver_hls.cpp:72]   --->   Operation 65 'urem' 'input_col' <Predicate = true> <Delay = 3.72> <Core = "DivnS_SEQ">   --->   Core 24 'DivnS_SEQ' <Latency = 21> <II = 11> <Delay = 3.72> <FuncUnit> <Opcode : 'sdiv' 'srem' 'udiv' 'urem'> <InPorts = 2> <OutPorts = 1>

State 17 <SV = 16> <Delay = 3.72>
ST_17 : Operation 66 [8/22] (3.72ns)   --->   "%input_col = urem i18 %tmp, 1280" [../dma_driver_hls/dma_master_driver_hls.cpp:72]   --->   Operation 66 'urem' 'input_col' <Predicate = true> <Delay = 3.72> <Core = "DivnS_SEQ">   --->   Core 24 'DivnS_SEQ' <Latency = 21> <II = 11> <Delay = 3.72> <FuncUnit> <Opcode : 'sdiv' 'srem' 'udiv' 'urem'> <InPorts = 2> <OutPorts = 1>

State 18 <SV = 17> <Delay = 3.72>
ST_18 : Operation 67 [7/22] (3.72ns)   --->   "%input_col = urem i18 %tmp, 1280" [../dma_driver_hls/dma_master_driver_hls.cpp:72]   --->   Operation 67 'urem' 'input_col' <Predicate = true> <Delay = 3.72> <Core = "DivnS_SEQ">   --->   Core 24 'DivnS_SEQ' <Latency = 21> <II = 11> <Delay = 3.72> <FuncUnit> <Opcode : 'sdiv' 'srem' 'udiv' 'urem'> <InPorts = 2> <OutPorts = 1>

State 19 <SV = 18> <Delay = 3.72>
ST_19 : Operation 68 [6/22] (3.72ns)   --->   "%input_col = urem i18 %tmp, 1280" [../dma_driver_hls/dma_master_driver_hls.cpp:72]   --->   Operation 68 'urem' 'input_col' <Predicate = true> <Delay = 3.72> <Core = "DivnS_SEQ">   --->   Core 24 'DivnS_SEQ' <Latency = 21> <II = 11> <Delay = 3.72> <FuncUnit> <Opcode : 'sdiv' 'srem' 'udiv' 'urem'> <InPorts = 2> <OutPorts = 1>

State 20 <SV = 19> <Delay = 3.72>
ST_20 : Operation 69 [5/22] (3.72ns)   --->   "%input_col = urem i18 %tmp, 1280" [../dma_driver_hls/dma_master_driver_hls.cpp:72]   --->   Operation 69 'urem' 'input_col' <Predicate = true> <Delay = 3.72> <Core = "DivnS_SEQ">   --->   Core 24 'DivnS_SEQ' <Latency = 21> <II = 11> <Delay = 3.72> <FuncUnit> <Opcode : 'sdiv' 'srem' 'udiv' 'urem'> <InPorts = 2> <OutPorts = 1>

State 21 <SV = 20> <Delay = 3.72>
ST_21 : Operation 70 [4/22] (3.72ns)   --->   "%input_col = urem i18 %tmp, 1280" [../dma_driver_hls/dma_master_driver_hls.cpp:72]   --->   Operation 70 'urem' 'input_col' <Predicate = true> <Delay = 3.72> <Core = "DivnS_SEQ">   --->   Core 24 'DivnS_SEQ' <Latency = 21> <II = 11> <Delay = 3.72> <FuncUnit> <Opcode : 'sdiv' 'srem' 'udiv' 'urem'> <InPorts = 2> <OutPorts = 1>

State 22 <SV = 21> <Delay = 3.72>
ST_22 : Operation 71 [3/22] (3.72ns)   --->   "%input_col = urem i18 %tmp, 1280" [../dma_driver_hls/dma_master_driver_hls.cpp:72]   --->   Operation 71 'urem' 'input_col' <Predicate = true> <Delay = 3.72> <Core = "DivnS_SEQ">   --->   Core 24 'DivnS_SEQ' <Latency = 21> <II = 11> <Delay = 3.72> <FuncUnit> <Opcode : 'sdiv' 'srem' 'udiv' 'urem'> <InPorts = 2> <OutPorts = 1>

State 23 <SV = 22> <Delay = 3.72>
ST_23 : Operation 72 [2/22] (3.72ns)   --->   "%input_col = urem i18 %tmp, 1280" [../dma_driver_hls/dma_master_driver_hls.cpp:72]   --->   Operation 72 'urem' 'input_col' <Predicate = true> <Delay = 3.72> <Core = "DivnS_SEQ">   --->   Core 24 'DivnS_SEQ' <Latency = 21> <II = 11> <Delay = 3.72> <FuncUnit> <Opcode : 'sdiv' 'srem' 'udiv' 'urem'> <InPorts = 2> <OutPorts = 1>

State 24 <SV = 23> <Delay = 5.85>
ST_24 : Operation 73 [1/1] (0.00ns)   --->   "%input_row = call i10 @_ssdm_op_BitConcatenate.i10.i8.i2(i8 %tmp_1, i2 0)" [../dma_driver_hls/dma_master_driver_hls.cpp:71]   --->   Operation 73 'bitconcatenate' 'input_row' <Predicate = true> <Delay = 0.00>
ST_24 : Operation 74 [1/22] (3.72ns)   --->   "%input_col = urem i18 %tmp, 1280" [../dma_driver_hls/dma_master_driver_hls.cpp:72]   --->   Operation 74 'urem' 'input_col' <Predicate = true> <Delay = 3.72> <Core = "DivnS_SEQ">   --->   Core 24 'DivnS_SEQ' <Latency = 21> <II = 11> <Delay = 3.72> <FuncUnit> <Opcode : 'sdiv' 'srem' 'udiv' 'urem'> <InPorts = 2> <OutPorts = 1>
ST_24 : Operation 75 [1/1] (0.00ns)   --->   "%tmp_2 = trunc i18 %input_col to i11" [../dma_driver_hls/dma_master_driver_hls.cpp:80]   --->   Operation 75 'trunc' 'tmp_2' <Predicate = true> <Delay = 0.00>
ST_24 : Operation 76 [2/2] (2.13ns)   --->   "call fastcc void @transfer_chunk.1(i32* %dma0, i10 %input_row, i11 %tmp_2)" [../dma_driver_hls/dma_master_driver_hls.cpp:80]   --->   Operation 76 'call' <Predicate = true> <Delay = 2.13> <CoreType = "Generic">   --->   Core 0 '' <Latency = 0> <II = 1> <Delay = 1.00> <Generic> <Opcode : >

State 25 <SV = 24> <Delay = 0.00>
ST_25 : Operation 77 [1/2] (0.00ns)   --->   "call fastcc void @transfer_chunk.1(i32* %dma0, i10 %input_row, i11 %tmp_2)" [../dma_driver_hls/dma_master_driver_hls.cpp:80]   --->   Operation 77 'call' <Predicate = true> <Delay = 0.00> <CoreType = "Generic">   --->   Core 0 '' <Latency = 0> <II = 1> <Delay = 1.00> <Generic> <Opcode : >

State 26 <SV = 25> <Delay = 2.13>
ST_26 : Operation 78 [2/2] (2.13ns)   --->   "call fastcc void @transfer_chunk(i32* %dma0, i10 %input_row, i11 %tmp_2)" [../dma_driver_hls/dma_master_driver_hls.cpp:93]   --->   Operation 78 'call' <Predicate = true> <Delay = 2.13> <CoreType = "Generic">   --->   Core 0 '' <Latency = 0> <II = 1> <Delay = 1.00> <Generic> <Opcode : >

State 27 <SV = 26> <Delay = 0.00>
ST_27 : Operation 79 [1/2] (0.00ns)   --->   "call fastcc void @transfer_chunk(i32* %dma0, i10 %input_row, i11 %tmp_2)" [../dma_driver_hls/dma_master_driver_hls.cpp:93]   --->   Operation 79 'call' <Predicate = true> <Delay = 0.00> <CoreType = "Generic">   --->   Core 0 '' <Latency = 0> <II = 1> <Delay = 1.00> <Generic> <Opcode : >
ST_27 : Operation 80 [1/1] (0.00ns)   --->   "br label %1" [../dma_driver_hls/dma_master_driver_hls.cpp:70]   --->   Operation 80 'br' <Predicate = true> <Delay = 0.00>


============================================================
+ Verbose Summary: Binding
============================================================
STG Binding: 
---------------- STG Properties BEGIN ----------------
- Is combinational: 0
- Is one-state seq: 0
- Is datapath-only: 0
- Is pipelined: 0
- Is top level: 1
Port [ Return ] is wired: 1; IO mode=ap_ctrl_none:ce=0
Port [ dma0]:  wired=1; compound=1; hidden=0; nouse=0; global=0; static=0; extern=0; dir=2; type=4; pingpong=0; private_global=0; IO mode=m_axi:ce=0
Port [ dma1]:  wired=1; compound=1; hidden=0; nouse=1; global=0; static=0; extern=0; dir=0; type=4; pingpong=0; private_global=0; IO mode=m_axi:ce=0
Port [ frame_trigger_V]:  wired=1; compound=0; hidden=0; nouse=0; global=0; static=0; extern=0; dir=0; type=0; pingpong=0; private_global=0; IO mode=ap_none:ce=0
---------------- STG Properties END ------------------

---------------- Datapath Model BEGIN ----------------

<LifeTime>
<method=bitvector/>
StgValue_28          (specbitsmap      ) [ 0000000000000000000000000000]
StgValue_29          (specbitsmap      ) [ 0000000000000000000000000000]
StgValue_30          (specbitsmap      ) [ 0000000000000000000000000000]
StgValue_31          (spectopmodule    ) [ 0000000000000000000000000000]
frame_trigger_V_read (read             ) [ 0011111111111111111111111111]
StgValue_33          (specinterface    ) [ 0000000000000000000000000000]
StgValue_34          (specinterface    ) [ 0000000000000000000000000000]
StgValue_35          (specinterface    ) [ 0000000000000000000000000000]
StgValue_36          (specinterface    ) [ 0000000000000000000000000000]
StgValue_37          (br               ) [ 0000000000000000000000000000]
loop_begin           (specloopbegin    ) [ 0000000000000000000000000000]
StgValue_39          (wait             ) [ 0000000000000000000000000000]
StgValue_40          (poll             ) [ 0000000000000000000000000000]
StgValue_41          (br               ) [ 0011111111111111111111111111]
chunk_ctr            (phi              ) [ 0001000000000000000000000000]
exitcond             (icmp             ) [ 0011111111111111111111111111]
empty                (speclooptripcount) [ 0000000000000000000000000000]
chunk_ctr_1          (add              ) [ 0011111111111111111111111111]
StgValue_46          (br               ) [ 0000000000000000000000000000]
tmp                  (bitconcatenate   ) [ 0000111111111111111111111000]
zext_cast            (zext             ) [ 0000000000000000000000000000]
mul                  (mul              ) [ 0000000000000000000000000000]
tmp_1                (partselect       ) [ 0000111111111111111111111000]
StgValue_52          (br               ) [ 0000000000000000000000000000]
input_row            (bitconcatenate   ) [ 0000000000000000000000000111]
input_col            (urem             ) [ 0000000000000000000000000000]
tmp_2                (trunc            ) [ 0000000000000000000000000111]
StgValue_77          (call             ) [ 0000000000000000000000000000]
StgValue_79          (call             ) [ 0000000000000000000000000000]
StgValue_80          (br               ) [ 0011111111111111111111111111]
</LifeTime>

<model>

<comp_list>
<comp id="0" class="1000" name="dma0">
<pin_list>
<pin id="1" dir="1" index="0" bw="1" slack="0"/>
</pin_list>
<bind>
<StgValue><ssdm name="dma0"/></StgValue>
</bind>
</comp>

<comp id="2" class="1000" name="dma1">
<pin_list>
<pin id="3" dir="1" index="0" bw="1" slack="2147483647"/>
</pin_list>
<bind>
<StgValue><ssdm name="dma1"/></StgValue>
</bind>
</comp>

<comp id="4" class="1000" name="frame_trigger_V">
<pin_list>
<pin id="5" dir="1" index="0" bw="1" slack="0"/>
</pin_list>
<bind>
<StgValue><ssdm name="frame_trigger_V"/></StgValue>
</bind>
</comp>

<comp id="6" class="1001" name="const_6">
<pin_list>
<pin id="7" dir="1" index="0" bw="1" slack="2147483647"/>
</pin_list>
<bind>
<StgValue><ssdm name="_ssdm_op_SpecBitsMap"/></StgValue>
</bind>
</comp>

<comp id="8" class="1001" name="const_8">
<pin_list>
<pin id="9" dir="1" index="0" bw="1" slack="2147483647"/>
</pin_list>
<bind>
<StgValue><ssdm name="_ssdm_op_SpecTopModule"/></StgValue>
</bind>
</comp>

<comp id="10" class="1001" name="const_10">
<pin_list>
<pin id="11" dir="1" index="0" bw="1" slack="2147483647"/>
</pin_list>
<bind>
<StgValue><ssdm name="dma_master_driver_st"/></StgValue>
</bind>
</comp>

<comp id="12" class="1001" name="const_12">
<pin_list>
<pin id="13" dir="1" index="0" bw="1" slack="0"/>
</pin_list>
<bind>
<StgValue><ssdm name="_ssdm_op_Read.ap_none.i1"/></StgValue>
</bind>
</comp>

<comp id="14" class="1001" name="const_14">
<pin_list>
<pin id="15" dir="1" index="0" bw="1" slack="2147483647"/>
</pin_list>
<bind>
<StgValue><ssdm name="_ssdm_op_SpecInterface"/></StgValue>
</bind>
</comp>

<comp id="16" class="1001" name="const_16">
<pin_list>
<pin id="17" dir="1" index="0" bw="1" slack="2147483647"/>
</pin_list>
<bind>
<StgValue><ssdm name=""/></StgValue>
</bind>
</comp>

<comp id="18" class="1001" name="const_18">
<pin_list>
<pin id="19" dir="1" index="0" bw="1" slack="2147483647"/>
</pin_list>
<bind>
<StgValue><ssdm name="p_str"/></StgValue>
</bind>
</comp>

<comp id="20" class="1001" name="const_20">
<pin_list>
<pin id="21" dir="1" index="0" bw="1" slack="2147483647"/>
</pin_list>
<bind>
<StgValue><ssdm name="p_str1"/></StgValue>
</bind>
</comp>

<comp id="22" class="1001" name="const_22">
<pin_list>
<pin id="23" dir="1" index="0" bw="1" slack="2147483647"/>
</pin_list>
<bind>
<StgValue><ssdm name="p_str2"/></StgValue>
</bind>
</comp>

<comp id="24" class="1001" name="const_24">
<pin_list>
<pin id="25" dir="1" index="0" bw="1" slack="2147483647"/>
</pin_list>
<bind>
<StgValue><ssdm name=""/></StgValue>
</bind>
</comp>

<comp id="26" class="1001" name="const_26">
<pin_list>
<pin id="27" dir="1" index="0" bw="1" slack="2147483647"/>
</pin_list>
<bind>
<StgValue><ssdm name="p_str3"/></StgValue>
</bind>
</comp>

<comp id="28" class="1001" name="const_28">
<pin_list>
<pin id="29" dir="1" index="0" bw="1" slack="2147483647"/>
</pin_list>
<bind>
<StgValue><ssdm name=""/></StgValue>
</bind>
</comp>

<comp id="30" class="1001" name="const_30">
<pin_list>
<pin id="31" dir="1" index="0" bw="1" slack="2147483647"/>
</pin_list>
<bind>
<StgValue><ssdm name="p_str4"/></StgValue>
</bind>
</comp>

<comp id="32" class="1001" name="const_32">
<pin_list>
<pin id="33" dir="1" index="0" bw="1" slack="2147483647"/>
</pin_list>
<bind>
<StgValue><ssdm name="_ssdm_op_SpecLoopBegin"/></StgValue>
</bind>
</comp>

<comp id="34" class="1001" name="const_34">
<pin_list>
<pin id="35" dir="1" index="0" bw="1" slack="2147483647"/>
</pin_list>
<bind>
<StgValue><ssdm name="_ssdm_op_Wait"/></StgValue>
</bind>
</comp>

<comp id="36" class="1001" name="const_36">
<pin_list>
<pin id="37" dir="1" index="0" bw="1" slack="0"/>
</pin_list>
<bind>
<StgValue><ssdm name="_ssdm_op_Poll"/></StgValue>
</bind>
</comp>

<comp id="38" class="1001" name="const_38">
<pin_list>
<pin id="39" dir="1" index="0" bw="1" slack="1"/>
</pin_list>
<bind>
<StgValue><ssdm name=""/></StgValue>
</bind>
</comp>

<comp id="40" class="1001" name="const_40">
<pin_list>
<pin id="41" dir="1" index="0" bw="1" slack="0"/>
</pin_list>
<bind>
<StgValue><ssdm name=""/></StgValue>
</bind>
</comp>

<comp id="42" class="1001" name="const_42">
<pin_list>
<pin id="43" dir="1" index="0" bw="1" slack="2147483647"/>
</pin_list>
<bind>
<StgValue><ssdm name="_ssdm_op_SpecLoopTripCount"/></StgValue>
</bind>
</comp>

<comp id="44" class="1001" name="const_44">
<pin_list>
<pin id="45" dir="1" index="0" bw="1" slack="2147483647"/>
</pin_list>
<bind>
<StgValue><ssdm name=""/></StgValue>
</bind>
</comp>

<comp id="46" class="1001" name="const_46">
<pin_list>
<pin id="47" dir="1" index="0" bw="1" slack="0"/>
</pin_list>
<bind>
<StgValue><ssdm name=""/></StgValue>
</bind>
</comp>

<comp id="48" class="1001" name="const_48">
<pin_list>
<pin id="49" dir="1" index="0" bw="1" slack="0"/>
</pin_list>
<bind>
<StgValue><ssdm name="_ssdm_op_BitConcatenate.i18.i10.i8"/></StgValue>
</bind>
</comp>

<comp id="50" class="1001" name="const_50">
<pin_list>
<pin id="51" dir="1" index="0" bw="1" slack="0"/>
</pin_list>
<bind>
<StgValue><ssdm name=""/></StgValue>
</bind>
</comp>

<comp id="52" class="1001" name="const_52">
<pin_list>
<pin id="53" dir="1" index="0" bw="1" slack="0"/>
</pin_list>
<bind>
<StgValue><ssdm name=""/></StgValue>
</bind>
</comp>

<comp id="54" class="1001" name="const_54">
<pin_list>
<pin id="55" dir="1" index="0" bw="1" slack="0"/>
</pin_list>
<bind>
<StgValue><ssdm name="_ssdm_op_PartSelect.i8.i38.i32.i32"/></StgValue>
</bind>
</comp>

<comp id="56" class="1001" name="const_56">
<pin_list>
<pin id="57" dir="1" index="0" bw="1" slack="0"/>
</pin_list>
<bind>
<StgValue><ssdm name=""/></StgValue>
</bind>
</comp>

<comp id="58" class="1001" name="const_58">
<pin_list>
<pin id="59" dir="1" index="0" bw="1" slack="0"/>
</pin_list>
<bind>
<StgValue><ssdm name=""/></StgValue>
</bind>
</comp>

<comp id="60" class="1001" name="const_60">
<pin_list>
<pin id="61" dir="1" index="0" bw="1" slack="0"/>
</pin_list>
<bind>
<StgValue><ssdm name=""/></StgValue>
</bind>
</comp>

<comp id="62" class="1001" name="const_62">
<pin_list>
<pin id="63" dir="1" index="0" bw="1" slack="0"/>
</pin_list>
<bind>
<StgValue><ssdm name="_ssdm_op_BitConcatenate.i10.i8.i2"/></StgValue>
</bind>
</comp>

<comp id="64" class="1001" name="const_64">
<pin_list>
<pin id="65" dir="1" index="0" bw="1" slack="0"/>
</pin_list>
<bind>
<StgValue><ssdm name=""/></StgValue>
</bind>
</comp>

<comp id="66" class="1001" name="const_66">
<pin_list>
<pin id="67" dir="1" index="0" bw="1" slack="0"/>
</pin_list>
<bind>
<StgValue><ssdm name="transfer_chunk.1"/></StgValue>
</bind>
</comp>

<comp id="68" class="1001" name="const_68">
<pin_list>
<pin id="69" dir="1" index="0" bw="1" slack="0"/>
</pin_list>
<bind>
<StgValue><ssdm name="transfer_chunk"/></StgValue>
</bind>
</comp>

<comp id="70" class="1004" name="frame_trigger_V_read_read_fu_70">
<pin_list>
<pin id="71" dir="0" index="0" bw="1" slack="0"/>
<pin id="72" dir="0" index="1" bw="1" slack="0"/>
<pin id="73" dir="1" index="2" bw="1" slack="1"/>
</pin_list>
<bind>
<opcode="read(1150) " fcode="read"/>
<opset="frame_trigger_V_read/1 "/>
</bind>
</comp>

<comp id="76" class="1005" name="chunk_ctr_reg_76">
<pin_list>
<pin id="77" dir="0" index="0" bw="10" slack="1"/>
<pin id="78" dir="1" index="1" bw="10" slack="1"/>
</pin_list>
<bind>
<opset="chunk_ctr (phireg) "/>
</bind>
</comp>

<comp id="80" class="1004" name="chunk_ctr_phi_fu_80">
<pin_list>
<pin id="81" dir="0" index="0" bw="1" slack="1"/>
<pin id="82" dir="0" index="1" bw="0" slack="2147483647"/>
<pin id="83" dir="0" index="2" bw="10" slack="0"/>
<pin id="84" dir="0" index="3" bw="0" slack="2147483647"/>
<pin id="85" dir="1" index="4" bw="10" slack="0"/>
</pin_list>
<bind>
<opcode="phi(47) " fcode="phi"/>
<opset="chunk_ctr/3 "/>
</bind>
</comp>

<comp id="87" class="1004" name="grp_transfer_chunk_1_fu_87">
<pin_list>
<pin id="88" dir="0" index="0" bw="0" slack="0"/>
<pin id="89" dir="0" index="1" bw="32" slack="0"/>
<pin id="90" dir="0" index="2" bw="10" slack="0"/>
<pin id="91" dir="0" index="3" bw="11" slack="0"/>
<pin id="92" dir="1" index="4" bw="0" slack="2147483647"/>
</pin_list>
<bind>
<opcode="call(48) " fcode="call"/>
<opset="StgValue_76/24 "/>
</bind>
</comp>

<comp id="95" class="1004" name="grp_transfer_chunk_fu_95">
<pin_list>
<pin id="96" dir="0" index="0" bw="0" slack="0"/>
<pin id="97" dir="0" index="1" bw="32" slack="0"/>
<pin id="98" dir="0" index="2" bw="10" slack="2"/>
<pin id="99" dir="0" index="3" bw="11" slack="2"/>
<pin id="100" dir="1" index="4" bw="0" slack="2147483647"/>
</pin_list>
<bind>
<opcode="call(48) " fcode="call"/>
<opset="StgValue_78/26 "/>
</bind>
</comp>

<comp id="103" class="1004" name="StgValue_40_fu_103">
<pin_list>
<pin id="104" dir="0" index="0" bw="0" slack="0"/>
<pin id="105" dir="0" index="1" bw="1" slack="1"/>
<pin id="106" dir="1" index="2" bw="0" slack="2147483647"/>
</pin_list>
<bind>
<opcode="poll(1202) " fcode="poll"/>
<opset="StgValue_40/2 "/>
</bind>
</comp>

<comp id="108" class="1004" name="exitcond_fu_108">
<pin_list>
<pin id="109" dir="0" index="0" bw="10" slack="0"/>
<pin id="110" dir="0" index="1" bw="8" slack="0"/>
<pin id="111" dir="1" index="2" bw="1" slack="2147483647"/>
</pin_list>
<bind>
<opcode="icmp(45) " fcode="icmp"/>
<opset="exitcond/3 "/>
</bind>
</comp>

<comp id="114" class="1004" name="chunk_ctr_1_fu_114">
<pin_list>
<pin id="115" dir="0" index="0" bw="10" slack="0"/>
<pin id="116" dir="0" index="1" bw="1" slack="0"/>
<pin id="117" dir="1" index="2" bw="10" slack="0"/>
</pin_list>
<bind>
<opcode="add(8) " fcode="add"/>
<opset="chunk_ctr_1/3 "/>
</bind>
</comp>

<comp id="120" class="1004" name="tmp_fu_120">
<pin_list>
<pin id="121" dir="0" index="0" bw="18" slack="0"/>
<pin id="122" dir="0" index="1" bw="10" slack="0"/>
<pin id="123" dir="0" index="2" bw="1" slack="0"/>
<pin id="124" dir="1" index="3" bw="18" slack="0"/>
</pin_list>
<bind>
<opcode="bitconcatenate(1004) " fcode="bitconcatenate"/>
<opset="tmp/3 "/>
</bind>
</comp>

<comp id="128" class="1004" name="zext_cast_fu_128">
<pin_list>
<pin id="129" dir="0" index="0" bw="18" slack="0"/>
<pin id="130" dir="1" index="1" bw="38" slack="0"/>
</pin_list>
<bind>
<opcode="zext(34) " fcode="zext"/>
<opset="zext_cast/3 "/>
</bind>
</comp>

<comp id="132" class="1004" name="tmp_1_fu_132">
<pin_list>
<pin id="133" dir="0" index="0" bw="8" slack="0"/>
<pin id="134" dir="0" index="1" bw="38" slack="0"/>
<pin id="135" dir="0" index="2" bw="6" slack="0"/>
<pin id="136" dir="0" index="3" bw="7" slack="0"/>
<pin id="137" dir="1" index="4" bw="8" slack="21"/>
</pin_list>
<bind>
<opcode="partselect(1002) " fcode="partselect"/>
<opset="tmp_1/3 "/>
</bind>
</comp>

<comp id="141" class="1004" name="grp_fu_141">
<pin_list>
<pin id="142" dir="0" index="0" bw="18" slack="0"/>
<pin id="143" dir="0" index="1" bw="12" slack="0"/>
<pin id="144" dir="1" index="2" bw="11" slack="0"/>
</pin_list>
<bind>
<opcode="urem(17) " fcode="urem"/>
<opset="input_col/3 "/>
</bind>
</comp>

<comp id="147" class="1004" name="input_row_fu_147">
<pin_list>
<pin id="148" dir="0" index="0" bw="10" slack="0"/>
<pin id="149" dir="0" index="1" bw="8" slack="21"/>
<pin id="150" dir="0" index="2" bw="1" slack="0"/>
<pin id="151" dir="1" index="3" bw="10" slack="0"/>
</pin_list>
<bind>
<opcode="bitconcatenate(1004) " fcode="bitconcatenate"/>
<opset="input_row/24 "/>
</bind>
</comp>

<comp id="155" class="1004" name="tmp_2_fu_155">
<pin_list>
<pin id="156" dir="0" index="0" bw="11" slack="0"/>
<pin id="157" dir="1" index="1" bw="11" slack="0"/>
</pin_list>
<bind>
<opcode="trunc(33) " fcode="trunc"/>
<opset="tmp_2/24 "/>
</bind>
</comp>

<comp id="160" class="1007" name="mul_fu_160">
<pin_list>
<pin id="161" dir="0" index="0" bw="38" slack="0"/>
<pin id="162" dir="0" index="1" bw="18" slack="0"/>
<pin id="163" dir="1" index="2" bw="38" slack="0"/>
</pin_list>
<bind>
<opcode="mul(12) " fcode="mul"/>
<opset="mul/3 "/>
</bind>
</comp>

<comp id="167" class="1005" name="frame_trigger_V_read_reg_167">
<pin_list>
<pin id="168" dir="0" index="0" bw="1" slack="1"/>
<pin id="169" dir="1" index="1" bw="1" slack="1"/>
</pin_list>
<bind>
<opset="frame_trigger_V_read "/>
</bind>
</comp>

<comp id="175" class="1005" name="chunk_ctr_1_reg_175">
<pin_list>
<pin id="176" dir="0" index="0" bw="10" slack="0"/>
<pin id="177" dir="1" index="1" bw="10" slack="0"/>
</pin_list>
<bind>
<opset="chunk_ctr_1 "/>
</bind>
</comp>

<comp id="180" class="1005" name="tmp_reg_180">
<pin_list>
<pin id="181" dir="0" index="0" bw="18" slack="1"/>
<pin id="182" dir="1" index="1" bw="18" slack="1"/>
</pin_list>
<bind>
<opset="tmp "/>
</bind>
</comp>

<comp id="185" class="1005" name="tmp_1_reg_185">
<pin_list>
<pin id="186" dir="0" index="0" bw="8" slack="21"/>
<pin id="187" dir="1" index="1" bw="8" slack="21"/>
</pin_list>
<bind>
<opset="tmp_1 "/>
</bind>
</comp>

<comp id="190" class="1005" name="input_row_reg_190">
<pin_list>
<pin id="191" dir="0" index="0" bw="10" slack="1"/>
<pin id="192" dir="1" index="1" bw="10" slack="1"/>
</pin_list>
<bind>
<opset="input_row "/>
</bind>
</comp>

<comp id="196" class="1005" name="tmp_2_reg_196">
<pin_list>
<pin id="197" dir="0" index="0" bw="11" slack="1"/>
<pin id="198" dir="1" index="1" bw="11" slack="1"/>
</pin_list>
<bind>
<opset="tmp_2 "/>
</bind>
</comp>

</comp_list>

<net_list>
<net id="74"><net_src comp="12" pin="0"/><net_sink comp="70" pin=0"/></net>

<net id="75"><net_src comp="4" pin="0"/><net_sink comp="70" pin=1"/></net>

<net id="79"><net_src comp="38" pin="0"/><net_sink comp="76" pin=0"/></net>

<net id="86"><net_src comp="76" pin="1"/><net_sink comp="80" pin=0"/></net>

<net id="93"><net_src comp="66" pin="0"/><net_sink comp="87" pin=0"/></net>

<net id="94"><net_src comp="0" pin="0"/><net_sink comp="87" pin=1"/></net>

<net id="101"><net_src comp="68" pin="0"/><net_sink comp="95" pin=0"/></net>

<net id="102"><net_src comp="0" pin="0"/><net_sink comp="95" pin=1"/></net>

<net id="107"><net_src comp="36" pin="0"/><net_sink comp="103" pin=0"/></net>

<net id="112"><net_src comp="80" pin="4"/><net_sink comp="108" pin=0"/></net>

<net id="113"><net_src comp="40" pin="0"/><net_sink comp="108" pin=1"/></net>

<net id="118"><net_src comp="80" pin="4"/><net_sink comp="114" pin=0"/></net>

<net id="119"><net_src comp="46" pin="0"/><net_sink comp="114" pin=1"/></net>

<net id="125"><net_src comp="48" pin="0"/><net_sink comp="120" pin=0"/></net>

<net id="126"><net_src comp="80" pin="4"/><net_sink comp="120" pin=1"/></net>

<net id="127"><net_src comp="50" pin="0"/><net_sink comp="120" pin=2"/></net>

<net id="131"><net_src comp="120" pin="3"/><net_sink comp="128" pin=0"/></net>

<net id="138"><net_src comp="54" pin="0"/><net_sink comp="132" pin=0"/></net>

<net id="139"><net_src comp="56" pin="0"/><net_sink comp="132" pin=2"/></net>

<net id="140"><net_src comp="58" pin="0"/><net_sink comp="132" pin=3"/></net>

<net id="145"><net_src comp="120" pin="3"/><net_sink comp="141" pin=0"/></net>

<net id="146"><net_src comp="60" pin="0"/><net_sink comp="141" pin=1"/></net>

<net id="152"><net_src comp="62" pin="0"/><net_sink comp="147" pin=0"/></net>

<net id="153"><net_src comp="64" pin="0"/><net_sink comp="147" pin=2"/></net>

<net id="154"><net_src comp="147" pin="3"/><net_sink comp="87" pin=2"/></net>

<net id="158"><net_src comp="141" pin="2"/><net_sink comp="155" pin=0"/></net>

<net id="159"><net_src comp="155" pin="1"/><net_sink comp="87" pin=3"/></net>

<net id="164"><net_src comp="52" pin="0"/><net_sink comp="160" pin=0"/></net>

<net id="165"><net_src comp="128" pin="1"/><net_sink comp="160" pin=1"/></net>

<net id="166"><net_src comp="160" pin="2"/><net_sink comp="132" pin=1"/></net>

<net id="170"><net_src comp="70" pin="2"/><net_sink comp="167" pin=0"/></net>

<net id="171"><net_src comp="167" pin="1"/><net_sink comp="103" pin=1"/></net>

<net id="178"><net_src comp="114" pin="2"/><net_sink comp="175" pin=0"/></net>

<net id="179"><net_src comp="175" pin="1"/><net_sink comp="80" pin=2"/></net>

<net id="183"><net_src comp="120" pin="3"/><net_sink comp="180" pin=0"/></net>

<net id="184"><net_src comp="180" pin="1"/><net_sink comp="141" pin=0"/></net>

<net id="188"><net_src comp="132" pin="4"/><net_sink comp="185" pin=0"/></net>

<net id="189"><net_src comp="185" pin="1"/><net_sink comp="147" pin=1"/></net>

<net id="193"><net_src comp="147" pin="3"/><net_sink comp="190" pin=0"/></net>

<net id="194"><net_src comp="190" pin="1"/><net_sink comp="87" pin=2"/></net>

<net id="195"><net_src comp="190" pin="1"/><net_sink comp="95" pin=2"/></net>

<net id="199"><net_src comp="155" pin="1"/><net_sink comp="196" pin=0"/></net>

<net id="200"><net_src comp="196" pin="1"/><net_sink comp="87" pin=3"/></net>

<net id="201"><net_src comp="196" pin="1"/><net_sink comp="95" pin=3"/></net>

</net_list>

</model> 
---------------- Datapath Model END ------------------

* FSMD analyzer results:
  - Output states:
	Port: dma0 | {24 25 26 27 }
 - Input state : 
	Port: dma_master_driver : dma0 | {24 25 26 27 }
	Port: dma_master_driver : frame_trigger_V | {1 }
  - Chain level:
	State 1
	State 2
	State 3
		exitcond : 1
		chunk_ctr_1 : 1
		StgValue_46 : 2
		tmp : 1
		zext_cast : 2
		mul : 3
		tmp_1 : 4
		input_col : 2
	State 4
	State 5
	State 6
	State 7
	State 8
	State 9
	State 10
	State 11
	State 12
	State 13
	State 14
	State 15
	State 16
	State 17
	State 18
	State 19
	State 20
	State 21
	State 22
	State 23
	State 24
		tmp_2 : 1
		StgValue_76 : 2
	State 25
	State 26
	State 27


============================================================
+ Verbose Summary: Datapath Resource usage 
============================================================

* Functional unit list:
|----------|---------------------------------|---------|---------|---------|---------|
| Operation|         Functional Unit         |  DSP48E |  Delay  |    FF   |   LUT   |
|----------|---------------------------------|---------|---------|---------|---------|
|   call   |    grp_transfer_chunk_1_fu_87   |    0    |  9.984  |   218   |   178   |
|          |     grp_transfer_chunk_fu_95    |    0    |  9.984  |   218   |   178   |
|----------|---------------------------------|---------|---------|---------|---------|
|   urem   |            grp_fu_141           |    0    |    0    |   226   |   140   |
|----------|---------------------------------|---------|---------|---------|---------|
|    add   |        chunk_ctr_1_fu_114       |    0    |    0    |    0    |    17   |
|----------|---------------------------------|---------|---------|---------|---------|
|   icmp   |         exitcond_fu_108         |    0    |    0    |    0    |    13   |
|----------|---------------------------------|---------|---------|---------|---------|
|    mul   |            mul_fu_160           |    1    |    0    |    0    |    0    |
|----------|---------------------------------|---------|---------|---------|---------|
|   read   | frame_trigger_V_read_read_fu_70 |    0    |    0    |    0    |    0    |
|----------|---------------------------------|---------|---------|---------|---------|
|   poll   |        StgValue_40_fu_103       |    0    |    0    |    0    |    0    |
|----------|---------------------------------|---------|---------|---------|---------|
|bitconcatenate|            tmp_fu_120           |    0    |    0    |    0    |    0    |
|          |         input_row_fu_147        |    0    |    0    |    0    |    0    |
|----------|---------------------------------|---------|---------|---------|---------|
|   zext   |         zext_cast_fu_128        |    0    |    0    |    0    |    0    |
|----------|---------------------------------|---------|---------|---------|---------|
|partselect|           tmp_1_fu_132          |    0    |    0    |    0    |    0    |
|----------|---------------------------------|---------|---------|---------|---------|
|   trunc  |           tmp_2_fu_155          |    0    |    0    |    0    |    0    |
|----------|---------------------------------|---------|---------|---------|---------|
|   Total  |                                 |    1    |  19.968 |   662   |   526   |
|----------|---------------------------------|---------|---------|---------|---------|

Memories:
N/A

* Register list:
+----------------------------+--------+
|                            |   FF   |
+----------------------------+--------+
|     chunk_ctr_1_reg_175    |   10   |
|      chunk_ctr_reg_76      |   10   |
|frame_trigger_V_read_reg_167|    1   |
|      input_row_reg_190     |   10   |
|        tmp_1_reg_185       |    8   |
|        tmp_2_reg_196       |   11   |
|         tmp_reg_180        |   18   |
+----------------------------+--------+
|            Total           |   68   |
+----------------------------+--------+

* Multiplexer (MUX) list: 
|----------------------------|------|------|------|--------||---------||---------|
|            Comp            |  Pin | Size |  BW  | S x BW ||  Delay  ||   LUT   |
|----------------------------|------|------|------|--------||---------||---------|
| grp_transfer_chunk_1_fu_87 |  p2  |   2  |  10  |   20   ||    9    |
| grp_transfer_chunk_1_fu_87 |  p3  |   2  |  11  |   22   ||    9    |
|         grp_fu_141         |  p0  |   2  |  18  |   36   ||    9    |
|----------------------------|------|------|------|--------||---------||---------|
|            Total           |      |      |      |   78   ||  4.992  ||    27   |
|----------------------------|------|------|------|--------||---------||---------|



* Summary:
+-----------+--------+--------+--------+--------+
|           | DSP48E |  Delay |   FF   |   LUT  |
+-----------+--------+--------+--------+--------+
|  Function |    1   |   19   |   662  |   526  |
|   Memory  |    -   |    -   |    -   |    -   |
|Multiplexer|    -   |    4   |    -   |   27   |
|  Register |    -   |    -   |   68   |    -   |
+-----------+--------+--------+--------+--------+
|   Total   |    1   |   24   |   730  |   553  |
+-----------+--------+--------+--------+--------+
